2024-08-07T14:00:51.599+0530	[31mERROR[0m	logger/logger.go:313	GlobalDeferHandler error pq: relation "public.transactions" does not exist	{"traceID": "ac1f05f42578417230194515870006"}
github.com/GoAdminGroup/go-admin/modules/logger.ErrorCtx
	/home/trellis/go/pkg/mod/github.com/!go!admin!group/go-admin@v1.2.26/modules/logger/logger.go:313
github.com/GoAdminGroup/go-admin/plugins/admin/controller.(*Handler).GlobalDeferHandler
	/home/trellis/go/pkg/mod/github.com/!go!admin!group/go-admin@v1.2.26/plugins/admin/controller/handler.go:32
runtime.gopanic
	/home/trellis/go/src/runtime/panic.go:770
github.com/GoAdminGroup/go-admin/modules/db.CommonQuery
	/home/trellis/go/pkg/mod/github.com/!go!admin!group/go-admin@v1.2.26/modules/db/performer.go:20
github.com/GoAdminGroup/go-admin/modules/db.(*Postgresql).QueryWithConnection
	/home/trellis/go/pkg/mod/github.com/!go!admin!group/go-admin@v1.2.26/modules/db/postgresql.go:51
github.com/GoAdminGroup/go-admin/plugins/admin/modules/table.(*DefaultTable).getDataFromDatabase
	/home/trellis/go/pkg/mod/github.com/!go!admin!group/go-admin@v1.2.26/plugins/admin/modules/table/default.go:566
github.com/GoAdminGroup/go-admin/plugins/admin/modules/table.(*DefaultTable).GetData
	/home/trellis/go/pkg/mod/github.com/!go!admin!group/go-admin@v1.2.26/plugins/admin/modules/table/default.go:149
github.com/GoAdminGroup/go-admin/plugins/admin/controller.(*Handler).showTableData
	/home/trellis/go/pkg/mod/github.com/!go!admin!group/go-admin@v1.2.26/plugins/admin/controller/show.go:71
github.com/GoAdminGroup/go-admin/plugins/admin/controller.(*Handler).showTable
	/home/trellis/go/pkg/mod/github.com/!go!admin!group/go-admin@v1.2.26/plugins/admin/controller/show.go:103
github.com/GoAdminGroup/go-admin/plugins/admin/controller.(*Handler).ShowInfo
	/home/trellis/go/pkg/mod/github.com/!go!admin!group/go-admin@v1.2.26/plugins/admin/controller/show.go:61
github.com/GoAdminGroup/go-admin/context.(*Context).Next
	/home/trellis/go/pkg/mod/github.com/!go!admin!group/go-admin@v1.2.26/context/context.go:105
github.com/GoAdminGroup/go-admin/plugins/admin/modules/guard.(*Guard).CheckPrefix
	/home/trellis/go/pkg/mod/github.com/!go!admin!group/go-admin@v1.2.26/plugins/admin/modules/guard/guard.go:51
github.com/GoAdminGroup/go-admin/context.(*Context).Next
	/home/trellis/go/pkg/mod/github.com/!go!admin!group/go-admin@v1.2.26/context/context.go:105
github.com/GoAdminGroup/go-admin/plugins/admin.(*Admin).initRouter.Middleware.(*Invoker).Middleware.func6
	/home/trellis/go/pkg/mod/github.com/!go!admin!group/go-admin@v1.2.26/modules/auth/middleware.go:132
github.com/GoAdminGroup/go-admin/context.(*Context).Next
	/home/trellis/go/pkg/mod/github.com/!go!admin!group/go-admin@v1.2.26/context/context.go:105
github.com/GoAdminGroup/go-admin/plugins/admin.(*Admin).themeMiddleware
	/home/trellis/go/pkg/mod/github.com/!go!admin!group/go-admin@v1.2.26/plugins/admin/router.go:141
github.com/GoAdminGroup/go-admin/context.(*Context).Next
	/home/trellis/go/pkg/mod/github.com/!go!admin!group/go-admin@v1.2.26/context/context.go:105
github.com/GoAdminGroup/go-admin/plugins/admin.(*Admin).traceIDMiddleware
	/home/trellis/go/pkg/mod/github.com/!go!admin!group/go-admin@v1.2.26/plugins/admin/router.go:123
github.com/GoAdminGroup/go-admin/context.(*Context).Next
	/home/trellis/go/pkg/mod/github.com/!go!admin!group/go-admin@v1.2.26/context/context.go:105
github.com/GoAdminGroup/go-admin/plugins/admin.(*Admin).globalErrorHandler
	/home/trellis/go/pkg/mod/github.com/!go!admin!group/go-admin@v1.2.26/plugins/admin/router.go:111
github.com/GoAdminGroup/go-admin/context.(*Context).Next
	/home/trellis/go/pkg/mod/github.com/!go!admin!group/go-admin@v1.2.26/context/context.go:105
github.com/GoAdminGroup/go-admin/adapter/gin.(*Gin).AddHandler.func1
	/home/trellis/go/pkg/mod/github.com/!go!admin!group/go-admin@v1.2.26/adapter/gin/gin.go:87
github.com/gin-gonic/gin.(*Context).Next
	/home/trellis/go/pkg/mod/github.com/gin-gonic/gin@v1.10.0/context.go:185
github.com/gin-gonic/gin.CustomRecoveryWithWriter.func1
	/home/trellis/go/pkg/mod/github.com/gin-gonic/gin@v1.10.0/recovery.go:102
github.com/gin-gonic/gin.(*Context).Next
	/home/trellis/go/pkg/mod/github.com/gin-gonic/gin@v1.10.0/context.go:185
github.com/gin-gonic/gin.LoggerWithConfig.func1
	/home/trellis/go/pkg/mod/github.com/gin-gonic/gin@v1.10.0/logger.go:249
github.com/gin-gonic/gin.(*Context).Next
	/home/trellis/go/pkg/mod/github.com/gin-gonic/gin@v1.10.0/context.go:185
github.com/gin-gonic/gin.(*Engine).handleHTTPRequest
	/home/trellis/go/pkg/mod/github.com/gin-gonic/gin@v1.10.0/gin.go:633
github.com/gin-gonic/gin.(*Engine).ServeHTTP
	/home/trellis/go/pkg/mod/github.com/gin-gonic/gin@v1.10.0/gin.go:589
net/http.serverHandler.ServeHTTP
	/home/trellis/go/src/net/http/server.go:3137
net/http.(*conn).serve
	/home/trellis/go/src/net/http/server.go:2039
2024-08-07T14:01:18.144+0530	[31mERROR[0m	logger/logger.go:313	GlobalDeferHandler error pq: relation "public.transactions" does not exist	{"traceID": "ac1f05f42578417230194781300007"}
github.com/GoAdminGroup/go-admin/modules/logger.ErrorCtx
	/home/trellis/go/pkg/mod/github.com/!go!admin!group/go-admin@v1.2.26/modules/logger/logger.go:313
github.com/GoAdminGroup/go-admin/plugins/admin/controller.(*Handler).GlobalDeferHandler
	/home/trellis/go/pkg/mod/github.com/!go!admin!group/go-admin@v1.2.26/plugins/admin/controller/handler.go:32
runtime.gopanic
	/home/trellis/go/src/runtime/panic.go:770
github.com/GoAdminGroup/go-admin/modules/db.CommonQuery
	/home/trellis/go/pkg/mod/github.com/!go!admin!group/go-admin@v1.2.26/modules/db/performer.go:20
github.com/GoAdminGroup/go-admin/modules/db.(*Postgresql).QueryWithConnection
	/home/trellis/go/pkg/mod/github.com/!go!admin!group/go-admin@v1.2.26/modules/db/postgresql.go:51
github.com/GoAdminGroup/go-admin/plugins/admin/modules/table.(*DefaultTable).getDataFromDatabase
	/home/trellis/go/pkg/mod/github.com/!go!admin!group/go-admin@v1.2.26/plugins/admin/modules/table/default.go:566
github.com/GoAdminGroup/go-admin/plugins/admin/modules/table.(*DefaultTable).GetData
	/home/trellis/go/pkg/mod/github.com/!go!admin!group/go-admin@v1.2.26/plugins/admin/modules/table/default.go:149
github.com/GoAdminGroup/go-admin/plugins/admin/controller.(*Handler).showTableData
	/home/trellis/go/pkg/mod/github.com/!go!admin!group/go-admin@v1.2.26/plugins/admin/controller/show.go:71
github.com/GoAdminGroup/go-admin/plugins/admin/controller.(*Handler).showTable
	/home/trellis/go/pkg/mod/github.com/!go!admin!group/go-admin@v1.2.26/plugins/admin/controller/show.go:103
github.com/GoAdminGroup/go-admin/plugins/admin/controller.(*Handler).ShowInfo
	/home/trellis/go/pkg/mod/github.com/!go!admin!group/go-admin@v1.2.26/plugins/admin/controller/show.go:61
github.com/GoAdminGroup/go-admin/context.(*Context).Next
	/home/trellis/go/pkg/mod/github.com/!go!admin!group/go-admin@v1.2.26/context/context.go:105
github.com/GoAdminGroup/go-admin/plugins/admin/modules/guard.(*Guard).CheckPrefix
	/home/trellis/go/pkg/mod/github.com/!go!admin!group/go-admin@v1.2.26/plugins/admin/modules/guard/guard.go:51
github.com/GoAdminGroup/go-admin/context.(*Context).Next
	/home/trellis/go/pkg/mod/github.com/!go!admin!group/go-admin@v1.2.26/context/context.go:105
github.com/GoAdminGroup/go-admin/plugins/admin.(*Admin).initRouter.Middleware.(*Invoker).Middleware.func6
	/home/trellis/go/pkg/mod/github.com/!go!admin!group/go-admin@v1.2.26/modules/auth/middleware.go:132
github.com/GoAdminGroup/go-admin/context.(*Context).Next
	/home/trellis/go/pkg/mod/github.com/!go!admin!group/go-admin@v1.2.26/context/context.go:105
github.com/GoAdminGroup/go-admin/plugins/admin.(*Admin).themeMiddleware
	/home/trellis/go/pkg/mod/github.com/!go!admin!group/go-admin@v1.2.26/plugins/admin/router.go:141
github.com/GoAdminGroup/go-admin/context.(*Context).Next
	/home/trellis/go/pkg/mod/github.com/!go!admin!group/go-admin@v1.2.26/context/context.go:105
github.com/GoAdminGroup/go-admin/plugins/admin.(*Admin).traceIDMiddleware
	/home/trellis/go/pkg/mod/github.com/!go!admin!group/go-admin@v1.2.26/plugins/admin/router.go:123
github.com/GoAdminGroup/go-admin/context.(*Context).Next
	/home/trellis/go/pkg/mod/github.com/!go!admin!group/go-admin@v1.2.26/context/context.go:105
github.com/GoAdminGroup/go-admin/plugins/admin.(*Admin).globalErrorHandler
	/home/trellis/go/pkg/mod/github.com/!go!admin!group/go-admin@v1.2.26/plugins/admin/router.go:111
github.com/GoAdminGroup/go-admin/context.(*Context).Next
	/home/trellis/go/pkg/mod/github.com/!go!admin!group/go-admin@v1.2.26/context/context.go:105
github.com/GoAdminGroup/go-admin/adapter/gin.(*Gin).AddHandler.func1
	/home/trellis/go/pkg/mod/github.com/!go!admin!group/go-admin@v1.2.26/adapter/gin/gin.go:87
github.com/gin-gonic/gin.(*Context).Next
	/home/trellis/go/pkg/mod/github.com/gin-gonic/gin@v1.10.0/context.go:185
github.com/gin-gonic/gin.CustomRecoveryWithWriter.func1
	/home/trellis/go/pkg/mod/github.com/gin-gonic/gin@v1.10.0/recovery.go:102
github.com/gin-gonic/gin.(*Context).Next
	/home/trellis/go/pkg/mod/github.com/gin-gonic/gin@v1.10.0/context.go:185
github.com/gin-gonic/gin.LoggerWithConfig.func1
	/home/trellis/go/pkg/mod/github.com/gin-gonic/gin@v1.10.0/logger.go:249
github.com/gin-gonic/gin.(*Context).Next
	/home/trellis/go/pkg/mod/github.com/gin-gonic/gin@v1.10.0/context.go:185
github.com/gin-gonic/gin.(*Engine).handleHTTPRequest
	/home/trellis/go/pkg/mod/github.com/gin-gonic/gin@v1.10.0/gin.go:633
github.com/gin-gonic/gin.(*Engine).ServeHTTP
	/home/trellis/go/pkg/mod/github.com/gin-gonic/gin@v1.10.0/gin.go:589
net/http.serverHandler.ServeHTTP
	/home/trellis/go/src/net/http/server.go:3137
net/http.(*conn).serve
	/home/trellis/go/src/net/http/server.go:2039
2024-08-07T14:20:30.058+0530	[31mERROR[0m	logger/logger.go:313	GlobalDeferHandler error pq: relation "public.transactions" does not exist	{"traceID": "ac1f05f40093217230206300460010"}
github.com/GoAdminGroup/go-admin/modules/logger.ErrorCtx
	/home/trellis/go/pkg/mod/github.com/!go!admin!group/go-admin@v1.2.26/modules/logger/logger.go:313
github.com/GoAdminGroup/go-admin/plugins/admin/controller.(*Handler).GlobalDeferHandler
	/home/trellis/go/pkg/mod/github.com/!go!admin!group/go-admin@v1.2.26/plugins/admin/controller/handler.go:32
runtime.gopanic
	/home/trellis/go/src/runtime/panic.go:770
github.com/GoAdminGroup/go-admin/modules/db.CommonQuery
	/home/trellis/go/pkg/mod/github.com/!go!admin!group/go-admin@v1.2.26/modules/db/performer.go:20
github.com/GoAdminGroup/go-admin/modules/db.(*Postgresql).QueryWithConnection
	/home/trellis/go/pkg/mod/github.com/!go!admin!group/go-admin@v1.2.26/modules/db/postgresql.go:51
github.com/GoAdminGroup/go-admin/plugins/admin/modules/table.(*DefaultTable).getDataFromDatabase
	/home/trellis/go/pkg/mod/github.com/!go!admin!group/go-admin@v1.2.26/plugins/admin/modules/table/default.go:566
github.com/GoAdminGroup/go-admin/plugins/admin/modules/table.(*DefaultTable).GetData
	/home/trellis/go/pkg/mod/github.com/!go!admin!group/go-admin@v1.2.26/plugins/admin/modules/table/default.go:149
github.com/GoAdminGroup/go-admin/plugins/admin/controller.(*Handler).showTableData
	/home/trellis/go/pkg/mod/github.com/!go!admin!group/go-admin@v1.2.26/plugins/admin/controller/show.go:71
github.com/GoAdminGroup/go-admin/plugins/admin/controller.(*Handler).showTable
	/home/trellis/go/pkg/mod/github.com/!go!admin!group/go-admin@v1.2.26/plugins/admin/controller/show.go:103
github.com/GoAdminGroup/go-admin/plugins/admin/controller.(*Handler).ShowInfo
	/home/trellis/go/pkg/mod/github.com/!go!admin!group/go-admin@v1.2.26/plugins/admin/controller/show.go:61
github.com/GoAdminGroup/go-admin/context.(*Context).Next
	/home/trellis/go/pkg/mod/github.com/!go!admin!group/go-admin@v1.2.26/context/context.go:105
github.com/GoAdminGroup/go-admin/plugins/admin/modules/guard.(*Guard).CheckPrefix
	/home/trellis/go/pkg/mod/github.com/!go!admin!group/go-admin@v1.2.26/plugins/admin/modules/guard/guard.go:51
github.com/GoAdminGroup/go-admin/context.(*Context).Next
	/home/trellis/go/pkg/mod/github.com/!go!admin!group/go-admin@v1.2.26/context/context.go:105
github.com/GoAdminGroup/go-admin/plugins/admin.(*Admin).initRouter.Middleware.(*Invoker).Middleware.func6
	/home/trellis/go/pkg/mod/github.com/!go!admin!group/go-admin@v1.2.26/modules/auth/middleware.go:132
github.com/GoAdminGroup/go-admin/context.(*Context).Next
	/home/trellis/go/pkg/mod/github.com/!go!admin!group/go-admin@v1.2.26/context/context.go:105
github.com/GoAdminGroup/go-admin/plugins/admin.(*Admin).themeMiddleware
	/home/trellis/go/pkg/mod/github.com/!go!admin!group/go-admin@v1.2.26/plugins/admin/router.go:141
github.com/GoAdminGroup/go-admin/context.(*Context).Next
	/home/trellis/go/pkg/mod/github.com/!go!admin!group/go-admin@v1.2.26/context/context.go:105
github.com/GoAdminGroup/go-admin/plugins/admin.(*Admin).traceIDMiddleware
	/home/trellis/go/pkg/mod/github.com/!go!admin!group/go-admin@v1.2.26/plugins/admin/router.go:123
github.com/GoAdminGroup/go-admin/context.(*Context).Next
	/home/trellis/go/pkg/mod/github.com/!go!admin!group/go-admin@v1.2.26/context/context.go:105
github.com/GoAdminGroup/go-admin/plugins/admin.(*Admin).globalErrorHandler
	/home/trellis/go/pkg/mod/github.com/!go!admin!group/go-admin@v1.2.26/plugins/admin/router.go:111
github.com/GoAdminGroup/go-admin/context.(*Context).Next
	/home/trellis/go/pkg/mod/github.com/!go!admin!group/go-admin@v1.2.26/context/context.go:105
github.com/GoAdminGroup/go-admin/adapter/gin.(*Gin).AddHandler.func1
	/home/trellis/go/pkg/mod/github.com/!go!admin!group/go-admin@v1.2.26/adapter/gin/gin.go:87
github.com/gin-gonic/gin.(*Context).Next
	/home/trellis/go/pkg/mod/github.com/gin-gonic/gin@v1.10.0/context.go:185
github.com/gin-gonic/gin.CustomRecoveryWithWriter.func1
	/home/trellis/go/pkg/mod/github.com/gin-gonic/gin@v1.10.0/recovery.go:102
github.com/gin-gonic/gin.(*Context).Next
	/home/trellis/go/pkg/mod/github.com/gin-gonic/gin@v1.10.0/context.go:185
github.com/gin-gonic/gin.LoggerWithConfig.func1
	/home/trellis/go/pkg/mod/github.com/gin-gonic/gin@v1.10.0/logger.go:249
github.com/gin-gonic/gin.(*Context).Next
	/home/trellis/go/pkg/mod/github.com/gin-gonic/gin@v1.10.0/context.go:185
github.com/gin-gonic/gin.(*Engine).handleHTTPRequest
	/home/trellis/go/pkg/mod/github.com/gin-gonic/gin@v1.10.0/gin.go:633
github.com/gin-gonic/gin.(*Engine).ServeHTTP
	/home/trellis/go/pkg/mod/github.com/gin-gonic/gin@v1.10.0/gin.go:589
net/http.serverHandler.ServeHTTP
	/home/trellis/go/src/net/http/server.go:3137
net/http.(*conn).serve
	/home/trellis/go/src/net/http/server.go:2039
2024-08-07T14:21:26.107+0530	[31mERROR[0m	logger/logger.go:313	GlobalDeferHandler error pq: relation "public.transactions" does not exist	{"traceID": "ac1f05f40214917230206860860001"}
github.com/GoAdminGroup/go-admin/modules/logger.ErrorCtx
	/home/trellis/go/pkg/mod/github.com/!go!admin!group/go-admin@v1.2.26/modules/logger/logger.go:313
github.com/GoAdminGroup/go-admin/plugins/admin/controller.(*Handler).GlobalDeferHandler
	/home/trellis/go/pkg/mod/github.com/!go!admin!group/go-admin@v1.2.26/plugins/admin/controller/handler.go:32
runtime.gopanic
	/home/trellis/go/src/runtime/panic.go:770
github.com/GoAdminGroup/go-admin/modules/db.CommonQuery
	/home/trellis/go/pkg/mod/github.com/!go!admin!group/go-admin@v1.2.26/modules/db/performer.go:20
github.com/GoAdminGroup/go-admin/modules/db.(*Postgresql).QueryWithConnection
	/home/trellis/go/pkg/mod/github.com/!go!admin!group/go-admin@v1.2.26/modules/db/postgresql.go:51
github.com/GoAdminGroup/go-admin/plugins/admin/modules/table.(*DefaultTable).getDataFromDatabase
	/home/trellis/go/pkg/mod/github.com/!go!admin!group/go-admin@v1.2.26/plugins/admin/modules/table/default.go:566
github.com/GoAdminGroup/go-admin/plugins/admin/modules/table.(*DefaultTable).GetData
	/home/trellis/go/pkg/mod/github.com/!go!admin!group/go-admin@v1.2.26/plugins/admin/modules/table/default.go:149
github.com/GoAdminGroup/go-admin/plugins/admin/controller.(*Handler).showTableData
	/home/trellis/go/pkg/mod/github.com/!go!admin!group/go-admin@v1.2.26/plugins/admin/controller/show.go:71
github.com/GoAdminGroup/go-admin/plugins/admin/controller.(*Handler).showTable
	/home/trellis/go/pkg/mod/github.com/!go!admin!group/go-admin@v1.2.26/plugins/admin/controller/show.go:103
github.com/GoAdminGroup/go-admin/plugins/admin/controller.(*Handler).ShowInfo
	/home/trellis/go/pkg/mod/github.com/!go!admin!group/go-admin@v1.2.26/plugins/admin/controller/show.go:61
github.com/GoAdminGroup/go-admin/context.(*Context).Next
	/home/trellis/go/pkg/mod/github.com/!go!admin!group/go-admin@v1.2.26/context/context.go:105
github.com/GoAdminGroup/go-admin/plugins/admin/modules/guard.(*Guard).CheckPrefix
	/home/trellis/go/pkg/mod/github.com/!go!admin!group/go-admin@v1.2.26/plugins/admin/modules/guard/guard.go:51
github.com/GoAdminGroup/go-admin/context.(*Context).Next
	/home/trellis/go/pkg/mod/github.com/!go!admin!group/go-admin@v1.2.26/context/context.go:105
github.com/GoAdminGroup/go-admin/plugins/admin.(*Admin).initRouter.Middleware.(*Invoker).Middleware.func6
	/home/trellis/go/pkg/mod/github.com/!go!admin!group/go-admin@v1.2.26/modules/auth/middleware.go:132
github.com/GoAdminGroup/go-admin/context.(*Context).Next
	/home/trellis/go/pkg/mod/github.com/!go!admin!group/go-admin@v1.2.26/context/context.go:105
github.com/GoAdminGroup/go-admin/plugins/admin.(*Admin).themeMiddleware
	/home/trellis/go/pkg/mod/github.com/!go!admin!group/go-admin@v1.2.26/plugins/admin/router.go:141
github.com/GoAdminGroup/go-admin/context.(*Context).Next
	/home/trellis/go/pkg/mod/github.com/!go!admin!group/go-admin@v1.2.26/context/context.go:105
github.com/GoAdminGroup/go-admin/plugins/admin.(*Admin).traceIDMiddleware
	/home/trellis/go/pkg/mod/github.com/!go!admin!group/go-admin@v1.2.26/plugins/admin/router.go:123
github.com/GoAdminGroup/go-admin/context.(*Context).Next
	/home/trellis/go/pkg/mod/github.com/!go!admin!group/go-admin@v1.2.26/context/context.go:105
github.com/GoAdminGroup/go-admin/plugins/admin.(*Admin).globalErrorHandler
	/home/trellis/go/pkg/mod/github.com/!go!admin!group/go-admin@v1.2.26/plugins/admin/router.go:111
github.com/GoAdminGroup/go-admin/context.(*Context).Next
	/home/trellis/go/pkg/mod/github.com/!go!admin!group/go-admin@v1.2.26/context/context.go:105
github.com/GoAdminGroup/go-admin/adapter/gin.(*Gin).AddHandler.func1
	/home/trellis/go/pkg/mod/github.com/!go!admin!group/go-admin@v1.2.26/adapter/gin/gin.go:87
github.com/gin-gonic/gin.(*Context).Next
	/home/trellis/go/pkg/mod/github.com/gin-gonic/gin@v1.10.0/context.go:185
github.com/gin-gonic/gin.CustomRecoveryWithWriter.func1
	/home/trellis/go/pkg/mod/github.com/gin-gonic/gin@v1.10.0/recovery.go:102
github.com/gin-gonic/gin.(*Context).Next
	/home/trellis/go/pkg/mod/github.com/gin-gonic/gin@v1.10.0/context.go:185
github.com/gin-gonic/gin.LoggerWithConfig.func1
	/home/trellis/go/pkg/mod/github.com/gin-gonic/gin@v1.10.0/logger.go:249
github.com/gin-gonic/gin.(*Context).Next
	/home/trellis/go/pkg/mod/github.com/gin-gonic/gin@v1.10.0/context.go:185
github.com/gin-gonic/gin.(*Engine).handleHTTPRequest
	/home/trellis/go/pkg/mod/github.com/gin-gonic/gin@v1.10.0/gin.go:633
github.com/gin-gonic/gin.(*Engine).ServeHTTP
	/home/trellis/go/pkg/mod/github.com/gin-gonic/gin@v1.10.0/gin.go:589
net/http.serverHandler.ServeHTTP
	/home/trellis/go/src/net/http/server.go:3137
net/http.(*conn).serve
	/home/trellis/go/src/net/http/server.go:2039
2024-08-07T14:21:26.978+0530	[31mERROR[0m	logger/logger.go:313	GlobalDeferHandler error pq: relation "public.transactions" does not exist	{"traceID": "ac1f05f40214917230206869660002"}
github.com/GoAdminGroup/go-admin/modules/logger.ErrorCtx
	/home/trellis/go/pkg/mod/github.com/!go!admin!group/go-admin@v1.2.26/modules/logger/logger.go:313
github.com/GoAdminGroup/go-admin/plugins/admin/controller.(*Handler).GlobalDeferHandler
	/home/trellis/go/pkg/mod/github.com/!go!admin!group/go-admin@v1.2.26/plugins/admin/controller/handler.go:32
runtime.gopanic
	/home/trellis/go/src/runtime/panic.go:770
github.com/GoAdminGroup/go-admin/modules/db.CommonQuery
	/home/trellis/go/pkg/mod/github.com/!go!admin!group/go-admin@v1.2.26/modules/db/performer.go:20
github.com/GoAdminGroup/go-admin/modules/db.(*Postgresql).QueryWithConnection
	/home/trellis/go/pkg/mod/github.com/!go!admin!group/go-admin@v1.2.26/modules/db/postgresql.go:51
github.com/GoAdminGroup/go-admin/plugins/admin/modules/table.(*DefaultTable).getDataFromDatabase
	/home/trellis/go/pkg/mod/github.com/!go!admin!group/go-admin@v1.2.26/plugins/admin/modules/table/default.go:566
github.com/GoAdminGroup/go-admin/plugins/admin/modules/table.(*DefaultTable).GetData
	/home/trellis/go/pkg/mod/github.com/!go!admin!group/go-admin@v1.2.26/plugins/admin/modules/table/default.go:149
github.com/GoAdminGroup/go-admin/plugins/admin/controller.(*Handler).showTableData
	/home/trellis/go/pkg/mod/github.com/!go!admin!group/go-admin@v1.2.26/plugins/admin/controller/show.go:71
github.com/GoAdminGroup/go-admin/plugins/admin/controller.(*Handler).showTable
	/home/trellis/go/pkg/mod/github.com/!go!admin!group/go-admin@v1.2.26/plugins/admin/controller/show.go:103
github.com/GoAdminGroup/go-admin/plugins/admin/controller.(*Handler).ShowInfo
	/home/trellis/go/pkg/mod/github.com/!go!admin!group/go-admin@v1.2.26/plugins/admin/controller/show.go:61
github.com/GoAdminGroup/go-admin/context.(*Context).Next
	/home/trellis/go/pkg/mod/github.com/!go!admin!group/go-admin@v1.2.26/context/context.go:105
github.com/GoAdminGroup/go-admin/plugins/admin/modules/guard.(*Guard).CheckPrefix
	/home/trellis/go/pkg/mod/github.com/!go!admin!group/go-admin@v1.2.26/plugins/admin/modules/guard/guard.go:51
github.com/GoAdminGroup/go-admin/context.(*Context).Next
	/home/trellis/go/pkg/mod/github.com/!go!admin!group/go-admin@v1.2.26/context/context.go:105
github.com/GoAdminGroup/go-admin/plugins/admin.(*Admin).initRouter.Middleware.(*Invoker).Middleware.func6
	/home/trellis/go/pkg/mod/github.com/!go!admin!group/go-admin@v1.2.26/modules/auth/middleware.go:132
github.com/GoAdminGroup/go-admin/context.(*Context).Next
	/home/trellis/go/pkg/mod/github.com/!go!admin!group/go-admin@v1.2.26/context/context.go:105
github.com/GoAdminGroup/go-admin/plugins/admin.(*Admin).themeMiddleware
	/home/trellis/go/pkg/mod/github.com/!go!admin!group/go-admin@v1.2.26/plugins/admin/router.go:141
github.com/GoAdminGroup/go-admin/context.(*Context).Next
	/home/trellis/go/pkg/mod/github.com/!go!admin!group/go-admin@v1.2.26/context/context.go:105
github.com/GoAdminGroup/go-admin/plugins/admin.(*Admin).traceIDMiddleware
	/home/trellis/go/pkg/mod/github.com/!go!admin!group/go-admin@v1.2.26/plugins/admin/router.go:123
github.com/GoAdminGroup/go-admin/context.(*Context).Next
	/home/trellis/go/pkg/mod/github.com/!go!admin!group/go-admin@v1.2.26/context/context.go:105
github.com/GoAdminGroup/go-admin/plugins/admin.(*Admin).globalErrorHandler
	/home/trellis/go/pkg/mod/github.com/!go!admin!group/go-admin@v1.2.26/plugins/admin/router.go:111
github.com/GoAdminGroup/go-admin/context.(*Context).Next
	/home/trellis/go/pkg/mod/github.com/!go!admin!group/go-admin@v1.2.26/context/context.go:105
github.com/GoAdminGroup/go-admin/adapter/gin.(*Gin).AddHandler.func1
	/home/trellis/go/pkg/mod/github.com/!go!admin!group/go-admin@v1.2.26/adapter/gin/gin.go:87
github.com/gin-gonic/gin.(*Context).Next
	/home/trellis/go/pkg/mod/github.com/gin-gonic/gin@v1.10.0/context.go:185
github.com/gin-gonic/gin.CustomRecoveryWithWriter.func1
	/home/trellis/go/pkg/mod/github.com/gin-gonic/gin@v1.10.0/recovery.go:102
github.com/gin-gonic/gin.(*Context).Next
	/home/trellis/go/pkg/mod/github.com/gin-gonic/gin@v1.10.0/context.go:185
github.com/gin-gonic/gin.LoggerWithConfig.func1
	/home/trellis/go/pkg/mod/github.com/gin-gonic/gin@v1.10.0/logger.go:249
github.com/gin-gonic/gin.(*Context).Next
	/home/trellis/go/pkg/mod/github.com/gin-gonic/gin@v1.10.0/context.go:185
github.com/gin-gonic/gin.(*Engine).handleHTTPRequest
	/home/trellis/go/pkg/mod/github.com/gin-gonic/gin@v1.10.0/gin.go:633
github.com/gin-gonic/gin.(*Engine).ServeHTTP
	/home/trellis/go/pkg/mod/github.com/gin-gonic/gin@v1.10.0/gin.go:589
net/http.serverHandler.ServeHTTP
	/home/trellis/go/src/net/http/server.go:3137
net/http.(*conn).serve
	/home/trellis/go/src/net/http/server.go:2039
2024-08-07T14:21:27.579+0530	[31mERROR[0m	logger/logger.go:313	GlobalDeferHandler error pq: relation "public.transactions" does not exist	{"traceID": "ac1f05f40214917230206875660003"}
github.com/GoAdminGroup/go-admin/modules/logger.ErrorCtx
	/home/trellis/go/pkg/mod/github.com/!go!admin!group/go-admin@v1.2.26/modules/logger/logger.go:313
github.com/GoAdminGroup/go-admin/plugins/admin/controller.(*Handler).GlobalDeferHandler
	/home/trellis/go/pkg/mod/github.com/!go!admin!group/go-admin@v1.2.26/plugins/admin/controller/handler.go:32
runtime.gopanic
	/home/trellis/go/src/runtime/panic.go:770
github.com/GoAdminGroup/go-admin/modules/db.CommonQuery
	/home/trellis/go/pkg/mod/github.com/!go!admin!group/go-admin@v1.2.26/modules/db/performer.go:20
github.com/GoAdminGroup/go-admin/modules/db.(*Postgresql).QueryWithConnection
	/home/trellis/go/pkg/mod/github.com/!go!admin!group/go-admin@v1.2.26/modules/db/postgresql.go:51
github.com/GoAdminGroup/go-admin/plugins/admin/modules/table.(*DefaultTable).getDataFromDatabase
	/home/trellis/go/pkg/mod/github.com/!go!admin!group/go-admin@v1.2.26/plugins/admin/modules/table/default.go:566
github.com/GoAdminGroup/go-admin/plugins/admin/modules/table.(*DefaultTable).GetData
	/home/trellis/go/pkg/mod/github.com/!go!admin!group/go-admin@v1.2.26/plugins/admin/modules/table/default.go:149
github.com/GoAdminGroup/go-admin/plugins/admin/controller.(*Handler).showTableData
	/home/trellis/go/pkg/mod/github.com/!go!admin!group/go-admin@v1.2.26/plugins/admin/controller/show.go:71
github.com/GoAdminGroup/go-admin/plugins/admin/controller.(*Handler).showTable
	/home/trellis/go/pkg/mod/github.com/!go!admin!group/go-admin@v1.2.26/plugins/admin/controller/show.go:103
github.com/GoAdminGroup/go-admin/plugins/admin/controller.(*Handler).ShowInfo
	/home/trellis/go/pkg/mod/github.com/!go!admin!group/go-admin@v1.2.26/plugins/admin/controller/show.go:61
github.com/GoAdminGroup/go-admin/context.(*Context).Next
	/home/trellis/go/pkg/mod/github.com/!go!admin!group/go-admin@v1.2.26/context/context.go:105
github.com/GoAdminGroup/go-admin/plugins/admin/modules/guard.(*Guard).CheckPrefix
	/home/trellis/go/pkg/mod/github.com/!go!admin!group/go-admin@v1.2.26/plugins/admin/modules/guard/guard.go:51
github.com/GoAdminGroup/go-admin/context.(*Context).Next
	/home/trellis/go/pkg/mod/github.com/!go!admin!group/go-admin@v1.2.26/context/context.go:105
github.com/GoAdminGroup/go-admin/plugins/admin.(*Admin).initRouter.Middleware.(*Invoker).Middleware.func6
	/home/trellis/go/pkg/mod/github.com/!go!admin!group/go-admin@v1.2.26/modules/auth/middleware.go:132
github.com/GoAdminGroup/go-admin/context.(*Context).Next
	/home/trellis/go/pkg/mod/github.com/!go!admin!group/go-admin@v1.2.26/context/context.go:105
github.com/GoAdminGroup/go-admin/plugins/admin.(*Admin).themeMiddleware
	/home/trellis/go/pkg/mod/github.com/!go!admin!group/go-admin@v1.2.26/plugins/admin/router.go:141
github.com/GoAdminGroup/go-admin/context.(*Context).Next
	/home/trellis/go/pkg/mod/github.com/!go!admin!group/go-admin@v1.2.26/context/context.go:105
github.com/GoAdminGroup/go-admin/plugins/admin.(*Admin).traceIDMiddleware
	/home/trellis/go/pkg/mod/github.com/!go!admin!group/go-admin@v1.2.26/plugins/admin/router.go:123
github.com/GoAdminGroup/go-admin/context.(*Context).Next
	/home/trellis/go/pkg/mod/github.com/!go!admin!group/go-admin@v1.2.26/context/context.go:105
github.com/GoAdminGroup/go-admin/plugins/admin.(*Admin).globalErrorHandler
	/home/trellis/go/pkg/mod/github.com/!go!admin!group/go-admin@v1.2.26/plugins/admin/router.go:111
github.com/GoAdminGroup/go-admin/context.(*Context).Next
	/home/trellis/go/pkg/mod/github.com/!go!admin!group/go-admin@v1.2.26/context/context.go:105
github.com/GoAdminGroup/go-admin/adapter/gin.(*Gin).AddHandler.func1
	/home/trellis/go/pkg/mod/github.com/!go!admin!group/go-admin@v1.2.26/adapter/gin/gin.go:87
github.com/gin-gonic/gin.(*Context).Next
	/home/trellis/go/pkg/mod/github.com/gin-gonic/gin@v1.10.0/context.go:185
github.com/gin-gonic/gin.CustomRecoveryWithWriter.func1
	/home/trellis/go/pkg/mod/github.com/gin-gonic/gin@v1.10.0/recovery.go:102
github.com/gin-gonic/gin.(*Context).Next
	/home/trellis/go/pkg/mod/github.com/gin-gonic/gin@v1.10.0/context.go:185
github.com/gin-gonic/gin.LoggerWithConfig.func1
	/home/trellis/go/pkg/mod/github.com/gin-gonic/gin@v1.10.0/logger.go:249
github.com/gin-gonic/gin.(*Context).Next
	/home/trellis/go/pkg/mod/github.com/gin-gonic/gin@v1.10.0/context.go:185
github.com/gin-gonic/gin.(*Engine).handleHTTPRequest
	/home/trellis/go/pkg/mod/github.com/gin-gonic/gin@v1.10.0/gin.go:633
github.com/gin-gonic/gin.(*Engine).ServeHTTP
	/home/trellis/go/pkg/mod/github.com/gin-gonic/gin@v1.10.0/gin.go:589
net/http.serverHandler.ServeHTTP
	/home/trellis/go/src/net/http/server.go:3137
net/http.(*conn).serve
	/home/trellis/go/src/net/http/server.go:2039
2024-08-07T14:24:10.846+0530	[31mERROR[0m	logger/logger.go:313	GlobalDeferHandler error pq: relation "public.transactions" does not exist	{"traceID": "ac1f05f40287217230208508370004"}
github.com/GoAdminGroup/go-admin/modules/logger.ErrorCtx
	/home/trellis/go/pkg/mod/github.com/!go!admin!group/go-admin@v1.2.26/modules/logger/logger.go:313
github.com/GoAdminGroup/go-admin/plugins/admin/controller.(*Handler).GlobalDeferHandler
	/home/trellis/go/pkg/mod/github.com/!go!admin!group/go-admin@v1.2.26/plugins/admin/controller/handler.go:32
runtime.gopanic
	/home/trellis/go/src/runtime/panic.go:770
github.com/GoAdminGroup/go-admin/modules/db.CommonQuery
	/home/trellis/go/pkg/mod/github.com/!go!admin!group/go-admin@v1.2.26/modules/db/performer.go:20
github.com/GoAdminGroup/go-admin/modules/db.(*Postgresql).QueryWithConnection
	/home/trellis/go/pkg/mod/github.com/!go!admin!group/go-admin@v1.2.26/modules/db/postgresql.go:51
github.com/GoAdminGroup/go-admin/plugins/admin/modules/table.(*DefaultTable).getDataFromDatabase
	/home/trellis/go/pkg/mod/github.com/!go!admin!group/go-admin@v1.2.26/plugins/admin/modules/table/default.go:566
github.com/GoAdminGroup/go-admin/plugins/admin/modules/table.(*DefaultTable).GetData
	/home/trellis/go/pkg/mod/github.com/!go!admin!group/go-admin@v1.2.26/plugins/admin/modules/table/default.go:149
github.com/GoAdminGroup/go-admin/plugins/admin/controller.(*Handler).showTableData
	/home/trellis/go/pkg/mod/github.com/!go!admin!group/go-admin@v1.2.26/plugins/admin/controller/show.go:71
github.com/GoAdminGroup/go-admin/plugins/admin/controller.(*Handler).showTable
	/home/trellis/go/pkg/mod/github.com/!go!admin!group/go-admin@v1.2.26/plugins/admin/controller/show.go:103
github.com/GoAdminGroup/go-admin/plugins/admin/controller.(*Handler).ShowInfo
	/home/trellis/go/pkg/mod/github.com/!go!admin!group/go-admin@v1.2.26/plugins/admin/controller/show.go:61
github.com/GoAdminGroup/go-admin/context.(*Context).Next
	/home/trellis/go/pkg/mod/github.com/!go!admin!group/go-admin@v1.2.26/context/context.go:105
github.com/GoAdminGroup/go-admin/plugins/admin/modules/guard.(*Guard).CheckPrefix
	/home/trellis/go/pkg/mod/github.com/!go!admin!group/go-admin@v1.2.26/plugins/admin/modules/guard/guard.go:51
github.com/GoAdminGroup/go-admin/context.(*Context).Next
	/home/trellis/go/pkg/mod/github.com/!go!admin!group/go-admin@v1.2.26/context/context.go:105
github.com/GoAdminGroup/go-admin/plugins/admin.(*Admin).initRouter.Middleware.(*Invoker).Middleware.func6
	/home/trellis/go/pkg/mod/github.com/!go!admin!group/go-admin@v1.2.26/modules/auth/middleware.go:132
github.com/GoAdminGroup/go-admin/context.(*Context).Next
	/home/trellis/go/pkg/mod/github.com/!go!admin!group/go-admin@v1.2.26/context/context.go:105
github.com/GoAdminGroup/go-admin/plugins/admin.(*Admin).themeMiddleware
	/home/trellis/go/pkg/mod/github.com/!go!admin!group/go-admin@v1.2.26/plugins/admin/router.go:141
github.com/GoAdminGroup/go-admin/context.(*Context).Next
	/home/trellis/go/pkg/mod/github.com/!go!admin!group/go-admin@v1.2.26/context/context.go:105
github.com/GoAdminGroup/go-admin/plugins/admin.(*Admin).traceIDMiddleware
	/home/trellis/go/pkg/mod/github.com/!go!admin!group/go-admin@v1.2.26/plugins/admin/router.go:123
github.com/GoAdminGroup/go-admin/context.(*Context).Next
	/home/trellis/go/pkg/mod/github.com/!go!admin!group/go-admin@v1.2.26/context/context.go:105
github.com/GoAdminGroup/go-admin/plugins/admin.(*Admin).globalErrorHandler
	/home/trellis/go/pkg/mod/github.com/!go!admin!group/go-admin@v1.2.26/plugins/admin/router.go:111
github.com/GoAdminGroup/go-admin/context.(*Context).Next
	/home/trellis/go/pkg/mod/github.com/!go!admin!group/go-admin@v1.2.26/context/context.go:105
github.com/GoAdminGroup/go-admin/adapter/gin.(*Gin).AddHandler.func1
	/home/trellis/go/pkg/mod/github.com/!go!admin!group/go-admin@v1.2.26/adapter/gin/gin.go:87
github.com/gin-gonic/gin.(*Context).Next
	/home/trellis/go/pkg/mod/github.com/gin-gonic/gin@v1.10.0/context.go:185
github.com/gin-gonic/gin.CustomRecoveryWithWriter.func1
	/home/trellis/go/pkg/mod/github.com/gin-gonic/gin@v1.10.0/recovery.go:102
github.com/gin-gonic/gin.(*Context).Next
	/home/trellis/go/pkg/mod/github.com/gin-gonic/gin@v1.10.0/context.go:185
github.com/gin-gonic/gin.LoggerWithConfig.func1
	/home/trellis/go/pkg/mod/github.com/gin-gonic/gin@v1.10.0/logger.go:249
github.com/gin-gonic/gin.(*Context).Next
	/home/trellis/go/pkg/mod/github.com/gin-gonic/gin@v1.10.0/context.go:185
github.com/gin-gonic/gin.(*Engine).handleHTTPRequest
	/home/trellis/go/pkg/mod/github.com/gin-gonic/gin@v1.10.0/gin.go:633
github.com/gin-gonic/gin.(*Engine).ServeHTTP
	/home/trellis/go/pkg/mod/github.com/gin-gonic/gin@v1.10.0/gin.go:589
net/http.serverHandler.ServeHTTP
	/home/trellis/go/src/net/http/server.go:3137
net/http.(*conn).serve
	/home/trellis/go/src/net/http/server.go:2039
2024-08-07T14:28:00.823+0530	[31mERROR[0m	logger/logger.go:313	GlobalDeferHandler error pq: relation "public.transactions" does not exist	{"traceID": "ac1f05f40382217230210808060001"}
github.com/GoAdminGroup/go-admin/modules/logger.ErrorCtx
	/home/trellis/go/pkg/mod/github.com/!go!admin!group/go-admin@v1.2.26/modules/logger/logger.go:313
github.com/GoAdminGroup/go-admin/plugins/admin/controller.(*Handler).GlobalDeferHandler
	/home/trellis/go/pkg/mod/github.com/!go!admin!group/go-admin@v1.2.26/plugins/admin/controller/handler.go:32
runtime.gopanic
	/home/trellis/go/src/runtime/panic.go:770
github.com/GoAdminGroup/go-admin/modules/db.CommonQuery
	/home/trellis/go/pkg/mod/github.com/!go!admin!group/go-admin@v1.2.26/modules/db/performer.go:20
github.com/GoAdminGroup/go-admin/modules/db.(*Postgresql).QueryWithConnection
	/home/trellis/go/pkg/mod/github.com/!go!admin!group/go-admin@v1.2.26/modules/db/postgresql.go:51
github.com/GoAdminGroup/go-admin/plugins/admin/modules/table.(*DefaultTable).getDataFromDatabase
	/home/trellis/go/pkg/mod/github.com/!go!admin!group/go-admin@v1.2.26/plugins/admin/modules/table/default.go:566
github.com/GoAdminGroup/go-admin/plugins/admin/modules/table.(*DefaultTable).GetData
	/home/trellis/go/pkg/mod/github.com/!go!admin!group/go-admin@v1.2.26/plugins/admin/modules/table/default.go:149
github.com/GoAdminGroup/go-admin/plugins/admin/controller.(*Handler).showTableData
	/home/trellis/go/pkg/mod/github.com/!go!admin!group/go-admin@v1.2.26/plugins/admin/controller/show.go:71
github.com/GoAdminGroup/go-admin/plugins/admin/controller.(*Handler).showTable
	/home/trellis/go/pkg/mod/github.com/!go!admin!group/go-admin@v1.2.26/plugins/admin/controller/show.go:103
github.com/GoAdminGroup/go-admin/plugins/admin/controller.(*Handler).ShowInfo
	/home/trellis/go/pkg/mod/github.com/!go!admin!group/go-admin@v1.2.26/plugins/admin/controller/show.go:61
github.com/GoAdminGroup/go-admin/context.(*Context).Next
	/home/trellis/go/pkg/mod/github.com/!go!admin!group/go-admin@v1.2.26/context/context.go:105
github.com/GoAdminGroup/go-admin/plugins/admin/modules/guard.(*Guard).CheckPrefix
	/home/trellis/go/pkg/mod/github.com/!go!admin!group/go-admin@v1.2.26/plugins/admin/modules/guard/guard.go:51
github.com/GoAdminGroup/go-admin/context.(*Context).Next
	/home/trellis/go/pkg/mod/github.com/!go!admin!group/go-admin@v1.2.26/context/context.go:105
github.com/GoAdminGroup/go-admin/plugins/admin.(*Admin).initRouter.Middleware.(*Invoker).Middleware.func6
	/home/trellis/go/pkg/mod/github.com/!go!admin!group/go-admin@v1.2.26/modules/auth/middleware.go:132
github.com/GoAdminGroup/go-admin/context.(*Context).Next
	/home/trellis/go/pkg/mod/github.com/!go!admin!group/go-admin@v1.2.26/context/context.go:105
github.com/GoAdminGroup/go-admin/plugins/admin.(*Admin).themeMiddleware
	/home/trellis/go/pkg/mod/github.com/!go!admin!group/go-admin@v1.2.26/plugins/admin/router.go:141
github.com/GoAdminGroup/go-admin/context.(*Context).Next
	/home/trellis/go/pkg/mod/github.com/!go!admin!group/go-admin@v1.2.26/context/context.go:105
github.com/GoAdminGroup/go-admin/plugins/admin.(*Admin).traceIDMiddleware
	/home/trellis/go/pkg/mod/github.com/!go!admin!group/go-admin@v1.2.26/plugins/admin/router.go:123
github.com/GoAdminGroup/go-admin/context.(*Context).Next
	/home/trellis/go/pkg/mod/github.com/!go!admin!group/go-admin@v1.2.26/context/context.go:105
github.com/GoAdminGroup/go-admin/plugins/admin.(*Admin).globalErrorHandler
	/home/trellis/go/pkg/mod/github.com/!go!admin!group/go-admin@v1.2.26/plugins/admin/router.go:111
github.com/GoAdminGroup/go-admin/context.(*Context).Next
	/home/trellis/go/pkg/mod/github.com/!go!admin!group/go-admin@v1.2.26/context/context.go:105
github.com/GoAdminGroup/go-admin/adapter/gin.(*Gin).AddHandler.func1
	/home/trellis/go/pkg/mod/github.com/!go!admin!group/go-admin@v1.2.26/adapter/gin/gin.go:87
github.com/gin-gonic/gin.(*Context).Next
	/home/trellis/go/pkg/mod/github.com/gin-gonic/gin@v1.10.0/context.go:185
github.com/gin-gonic/gin.CustomRecoveryWithWriter.func1
	/home/trellis/go/pkg/mod/github.com/gin-gonic/gin@v1.10.0/recovery.go:102
github.com/gin-gonic/gin.(*Context).Next
	/home/trellis/go/pkg/mod/github.com/gin-gonic/gin@v1.10.0/context.go:185
github.com/gin-gonic/gin.LoggerWithConfig.func1
	/home/trellis/go/pkg/mod/github.com/gin-gonic/gin@v1.10.0/logger.go:249
github.com/gin-gonic/gin.(*Context).Next
	/home/trellis/go/pkg/mod/github.com/gin-gonic/gin@v1.10.0/context.go:185
github.com/gin-gonic/gin.(*Engine).handleHTTPRequest
	/home/trellis/go/pkg/mod/github.com/gin-gonic/gin@v1.10.0/gin.go:633
github.com/gin-gonic/gin.(*Engine).ServeHTTP
	/home/trellis/go/pkg/mod/github.com/gin-gonic/gin@v1.10.0/gin.go:589
net/http.serverHandler.ServeHTTP
	/home/trellis/go/src/net/http/server.go:3137
net/http.(*conn).serve
	/home/trellis/go/src/net/http/server.go:2039
2024-08-07T14:28:02.036+0530	[31mERROR[0m	logger/logger.go:313	GlobalDeferHandler error pq: relation "public.transactions" does not exist	{"traceID": "ac1f05f40382217230210820210002"}
github.com/GoAdminGroup/go-admin/modules/logger.ErrorCtx
	/home/trellis/go/pkg/mod/github.com/!go!admin!group/go-admin@v1.2.26/modules/logger/logger.go:313
github.com/GoAdminGroup/go-admin/plugins/admin/controller.(*Handler).GlobalDeferHandler
	/home/trellis/go/pkg/mod/github.com/!go!admin!group/go-admin@v1.2.26/plugins/admin/controller/handler.go:32
runtime.gopanic
	/home/trellis/go/src/runtime/panic.go:770
github.com/GoAdminGroup/go-admin/modules/db.CommonQuery
	/home/trellis/go/pkg/mod/github.com/!go!admin!group/go-admin@v1.2.26/modules/db/performer.go:20
github.com/GoAdminGroup/go-admin/modules/db.(*Postgresql).QueryWithConnection
	/home/trellis/go/pkg/mod/github.com/!go!admin!group/go-admin@v1.2.26/modules/db/postgresql.go:51
github.com/GoAdminGroup/go-admin/plugins/admin/modules/table.(*DefaultTable).getDataFromDatabase
	/home/trellis/go/pkg/mod/github.com/!go!admin!group/go-admin@v1.2.26/plugins/admin/modules/table/default.go:566
github.com/GoAdminGroup/go-admin/plugins/admin/modules/table.(*DefaultTable).GetData
	/home/trellis/go/pkg/mod/github.com/!go!admin!group/go-admin@v1.2.26/plugins/admin/modules/table/default.go:149
github.com/GoAdminGroup/go-admin/plugins/admin/controller.(*Handler).showTableData
	/home/trellis/go/pkg/mod/github.com/!go!admin!group/go-admin@v1.2.26/plugins/admin/controller/show.go:71
github.com/GoAdminGroup/go-admin/plugins/admin/controller.(*Handler).showTable
	/home/trellis/go/pkg/mod/github.com/!go!admin!group/go-admin@v1.2.26/plugins/admin/controller/show.go:103
github.com/GoAdminGroup/go-admin/plugins/admin/controller.(*Handler).ShowInfo
	/home/trellis/go/pkg/mod/github.com/!go!admin!group/go-admin@v1.2.26/plugins/admin/controller/show.go:61
github.com/GoAdminGroup/go-admin/context.(*Context).Next
	/home/trellis/go/pkg/mod/github.com/!go!admin!group/go-admin@v1.2.26/context/context.go:105
github.com/GoAdminGroup/go-admin/plugins/admin/modules/guard.(*Guard).CheckPrefix
	/home/trellis/go/pkg/mod/github.com/!go!admin!group/go-admin@v1.2.26/plugins/admin/modules/guard/guard.go:51
github.com/GoAdminGroup/go-admin/context.(*Context).Next
	/home/trellis/go/pkg/mod/github.com/!go!admin!group/go-admin@v1.2.26/context/context.go:105
github.com/GoAdminGroup/go-admin/plugins/admin.(*Admin).initRouter.Middleware.(*Invoker).Middleware.func6
	/home/trellis/go/pkg/mod/github.com/!go!admin!group/go-admin@v1.2.26/modules/auth/middleware.go:132
github.com/GoAdminGroup/go-admin/context.(*Context).Next
	/home/trellis/go/pkg/mod/github.com/!go!admin!group/go-admin@v1.2.26/context/context.go:105
github.com/GoAdminGroup/go-admin/plugins/admin.(*Admin).themeMiddleware
	/home/trellis/go/pkg/mod/github.com/!go!admin!group/go-admin@v1.2.26/plugins/admin/router.go:141
github.com/GoAdminGroup/go-admin/context.(*Context).Next
	/home/trellis/go/pkg/mod/github.com/!go!admin!group/go-admin@v1.2.26/context/context.go:105
github.com/GoAdminGroup/go-admin/plugins/admin.(*Admin).traceIDMiddleware
	/home/trellis/go/pkg/mod/github.com/!go!admin!group/go-admin@v1.2.26/plugins/admin/router.go:123
github.com/GoAdminGroup/go-admin/context.(*Context).Next
	/home/trellis/go/pkg/mod/github.com/!go!admin!group/go-admin@v1.2.26/context/context.go:105
github.com/GoAdminGroup/go-admin/plugins/admin.(*Admin).globalErrorHandler
	/home/trellis/go/pkg/mod/github.com/!go!admin!group/go-admin@v1.2.26/plugins/admin/router.go:111
github.com/GoAdminGroup/go-admin/context.(*Context).Next
	/home/trellis/go/pkg/mod/github.com/!go!admin!group/go-admin@v1.2.26/context/context.go:105
github.com/GoAdminGroup/go-admin/adapter/gin.(*Gin).AddHandler.func1
	/home/trellis/go/pkg/mod/github.com/!go!admin!group/go-admin@v1.2.26/adapter/gin/gin.go:87
github.com/gin-gonic/gin.(*Context).Next
	/home/trellis/go/pkg/mod/github.com/gin-gonic/gin@v1.10.0/context.go:185
github.com/gin-gonic/gin.CustomRecoveryWithWriter.func1
	/home/trellis/go/pkg/mod/github.com/gin-gonic/gin@v1.10.0/recovery.go:102
github.com/gin-gonic/gin.(*Context).Next
	/home/trellis/go/pkg/mod/github.com/gin-gonic/gin@v1.10.0/context.go:185
github.com/gin-gonic/gin.LoggerWithConfig.func1
	/home/trellis/go/pkg/mod/github.com/gin-gonic/gin@v1.10.0/logger.go:249
github.com/gin-gonic/gin.(*Context).Next
	/home/trellis/go/pkg/mod/github.com/gin-gonic/gin@v1.10.0/context.go:185
github.com/gin-gonic/gin.(*Engine).handleHTTPRequest
	/home/trellis/go/pkg/mod/github.com/gin-gonic/gin@v1.10.0/gin.go:633
github.com/gin-gonic/gin.(*Engine).ServeHTTP
	/home/trellis/go/pkg/mod/github.com/gin-gonic/gin@v1.10.0/gin.go:589
net/http.serverHandler.ServeHTTP
	/home/trellis/go/src/net/http/server.go:3137
net/http.(*conn).serve
	/home/trellis/go/src/net/http/server.go:2039
2024-08-07T15:17:37.376+0530	[31mERROR[0m	logger/logger.go:313	GlobalDeferHandler error pq: permission denied for table transactions	{"traceID": "ac1f05f41504117230240573630003"}
github.com/GoAdminGroup/go-admin/modules/logger.ErrorCtx
	/home/trellis/go/pkg/mod/github.com/!go!admin!group/go-admin@v1.2.26/modules/logger/logger.go:313
github.com/GoAdminGroup/go-admin/plugins/admin/controller.(*Handler).GlobalDeferHandler
	/home/trellis/go/pkg/mod/github.com/!go!admin!group/go-admin@v1.2.26/plugins/admin/controller/handler.go:32
runtime.gopanic
	/home/trellis/go/src/runtime/panic.go:770
github.com/GoAdminGroup/go-admin/modules/db.CommonQuery
	/home/trellis/go/pkg/mod/github.com/!go!admin!group/go-admin@v1.2.26/modules/db/performer.go:20
github.com/GoAdminGroup/go-admin/modules/db.(*Postgresql).QueryWithConnection
	/home/trellis/go/pkg/mod/github.com/!go!admin!group/go-admin@v1.2.26/modules/db/postgresql.go:51
github.com/GoAdminGroup/go-admin/plugins/admin/modules/table.(*DefaultTable).getDataFromDatabase
	/home/trellis/go/pkg/mod/github.com/!go!admin!group/go-admin@v1.2.26/plugins/admin/modules/table/default.go:566
github.com/GoAdminGroup/go-admin/plugins/admin/modules/table.(*DefaultTable).GetData
	/home/trellis/go/pkg/mod/github.com/!go!admin!group/go-admin@v1.2.26/plugins/admin/modules/table/default.go:149
github.com/GoAdminGroup/go-admin/plugins/admin/controller.(*Handler).showTableData
	/home/trellis/go/pkg/mod/github.com/!go!admin!group/go-admin@v1.2.26/plugins/admin/controller/show.go:71
github.com/GoAdminGroup/go-admin/plugins/admin/controller.(*Handler).showTable
	/home/trellis/go/pkg/mod/github.com/!go!admin!group/go-admin@v1.2.26/plugins/admin/controller/show.go:103
github.com/GoAdminGroup/go-admin/plugins/admin/controller.(*Handler).ShowInfo
	/home/trellis/go/pkg/mod/github.com/!go!admin!group/go-admin@v1.2.26/plugins/admin/controller/show.go:61
github.com/GoAdminGroup/go-admin/context.(*Context).Next
	/home/trellis/go/pkg/mod/github.com/!go!admin!group/go-admin@v1.2.26/context/context.go:105
github.com/GoAdminGroup/go-admin/plugins/admin/modules/guard.(*Guard).CheckPrefix
	/home/trellis/go/pkg/mod/github.com/!go!admin!group/go-admin@v1.2.26/plugins/admin/modules/guard/guard.go:51
github.com/GoAdminGroup/go-admin/context.(*Context).Next
	/home/trellis/go/pkg/mod/github.com/!go!admin!group/go-admin@v1.2.26/context/context.go:105
github.com/GoAdminGroup/go-admin/plugins/admin.(*Admin).initRouter.Middleware.(*Invoker).Middleware.func6
	/home/trellis/go/pkg/mod/github.com/!go!admin!group/go-admin@v1.2.26/modules/auth/middleware.go:132
github.com/GoAdminGroup/go-admin/context.(*Context).Next
	/home/trellis/go/pkg/mod/github.com/!go!admin!group/go-admin@v1.2.26/context/context.go:105
github.com/GoAdminGroup/go-admin/plugins/admin.(*Admin).themeMiddleware
	/home/trellis/go/pkg/mod/github.com/!go!admin!group/go-admin@v1.2.26/plugins/admin/router.go:141
github.com/GoAdminGroup/go-admin/context.(*Context).Next
	/home/trellis/go/pkg/mod/github.com/!go!admin!group/go-admin@v1.2.26/context/context.go:105
github.com/GoAdminGroup/go-admin/plugins/admin.(*Admin).traceIDMiddleware
	/home/trellis/go/pkg/mod/github.com/!go!admin!group/go-admin@v1.2.26/plugins/admin/router.go:123
github.com/GoAdminGroup/go-admin/context.(*Context).Next
	/home/trellis/go/pkg/mod/github.com/!go!admin!group/go-admin@v1.2.26/context/context.go:105
github.com/GoAdminGroup/go-admin/plugins/admin.(*Admin).globalErrorHandler
	/home/trellis/go/pkg/mod/github.com/!go!admin!group/go-admin@v1.2.26/plugins/admin/router.go:111
github.com/GoAdminGroup/go-admin/context.(*Context).Next
	/home/trellis/go/pkg/mod/github.com/!go!admin!group/go-admin@v1.2.26/context/context.go:105
github.com/GoAdminGroup/go-admin/adapter/gin.(*Gin).AddHandler.func1
	/home/trellis/go/pkg/mod/github.com/!go!admin!group/go-admin@v1.2.26/adapter/gin/gin.go:87
github.com/gin-gonic/gin.(*Context).Next
	/home/trellis/go/pkg/mod/github.com/gin-gonic/gin@v1.10.0/context.go:185
github.com/gin-gonic/gin.CustomRecoveryWithWriter.func1
	/home/trellis/go/pkg/mod/github.com/gin-gonic/gin@v1.10.0/recovery.go:102
github.com/gin-gonic/gin.(*Context).Next
	/home/trellis/go/pkg/mod/github.com/gin-gonic/gin@v1.10.0/context.go:185
github.com/gin-gonic/gin.LoggerWithConfig.func1
	/home/trellis/go/pkg/mod/github.com/gin-gonic/gin@v1.10.0/logger.go:249
github.com/gin-gonic/gin.(*Context).Next
	/home/trellis/go/pkg/mod/github.com/gin-gonic/gin@v1.10.0/context.go:185
github.com/gin-gonic/gin.(*Engine).handleHTTPRequest
	/home/trellis/go/pkg/mod/github.com/gin-gonic/gin@v1.10.0/gin.go:633
github.com/gin-gonic/gin.(*Engine).ServeHTTP
	/home/trellis/go/pkg/mod/github.com/gin-gonic/gin@v1.10.0/gin.go:589
net/http.serverHandler.ServeHTTP
	/home/trellis/go/src/net/http/server.go:3137
net/http.(*conn).serve
	/home/trellis/go/src/net/http/server.go:2039
2024-08-07T15:27:15.727+0530	[31mERROR[0m	logger/logger.go:313	insert data error: pq: invalid input syntax for type timestamp: ""	{"traceID": "ac1f05f41927417230246356650007"}
github.com/GoAdminGroup/go-admin/modules/logger.ErrorCtx
	/home/trellis/go/pkg/mod/github.com/!go!admin!group/go-admin@v1.2.26/modules/logger/logger.go:313
github.com/GoAdminGroup/go-admin/plugins/admin/controller.(*Handler).NewForm
	/home/trellis/go/pkg/mod/github.com/!go!admin!group/go-admin@v1.2.26/plugins/admin/controller/new.go:118
github.com/GoAdminGroup/go-admin/context.(*Context).Next
	/home/trellis/go/pkg/mod/github.com/!go!admin!group/go-admin@v1.2.26/context/context.go:105
github.com/GoAdminGroup/go-admin/plugins/admin/modules/guard.(*Guard).NewForm
	/home/trellis/go/pkg/mod/github.com/!go!admin!group/go-admin@v1.2.26/plugins/admin/modules/guard/new.go:121
github.com/GoAdminGroup/go-admin/context.(*Context).Next
	/home/trellis/go/pkg/mod/github.com/!go!admin!group/go-admin@v1.2.26/context/context.go:105
github.com/GoAdminGroup/go-admin/plugins/admin/modules/guard.(*Guard).CheckPrefix
	/home/trellis/go/pkg/mod/github.com/!go!admin!group/go-admin@v1.2.26/plugins/admin/modules/guard/guard.go:51
github.com/GoAdminGroup/go-admin/context.(*Context).Next
	/home/trellis/go/pkg/mod/github.com/!go!admin!group/go-admin@v1.2.26/context/context.go:105
github.com/GoAdminGroup/go-admin/plugins/admin.(*Admin).initRouter.Middleware.(*Invoker).Middleware.func6
	/home/trellis/go/pkg/mod/github.com/!go!admin!group/go-admin@v1.2.26/modules/auth/middleware.go:132
github.com/GoAdminGroup/go-admin/context.(*Context).Next
	/home/trellis/go/pkg/mod/github.com/!go!admin!group/go-admin@v1.2.26/context/context.go:105
github.com/GoAdminGroup/go-admin/plugins/admin.(*Admin).themeMiddleware
	/home/trellis/go/pkg/mod/github.com/!go!admin!group/go-admin@v1.2.26/plugins/admin/router.go:141
github.com/GoAdminGroup/go-admin/context.(*Context).Next
	/home/trellis/go/pkg/mod/github.com/!go!admin!group/go-admin@v1.2.26/context/context.go:105
github.com/GoAdminGroup/go-admin/plugins/admin.(*Admin).traceIDMiddleware
	/home/trellis/go/pkg/mod/github.com/!go!admin!group/go-admin@v1.2.26/plugins/admin/router.go:123
github.com/GoAdminGroup/go-admin/context.(*Context).Next
	/home/trellis/go/pkg/mod/github.com/!go!admin!group/go-admin@v1.2.26/context/context.go:105
github.com/GoAdminGroup/go-admin/plugins/admin.(*Admin).globalErrorHandler
	/home/trellis/go/pkg/mod/github.com/!go!admin!group/go-admin@v1.2.26/plugins/admin/router.go:111
github.com/GoAdminGroup/go-admin/context.(*Context).Next
	/home/trellis/go/pkg/mod/github.com/!go!admin!group/go-admin@v1.2.26/context/context.go:105
github.com/GoAdminGroup/go-admin/adapter/gin.(*Gin).AddHandler.func1
	/home/trellis/go/pkg/mod/github.com/!go!admin!group/go-admin@v1.2.26/adapter/gin/gin.go:87
github.com/gin-gonic/gin.(*Context).Next
	/home/trellis/go/pkg/mod/github.com/gin-gonic/gin@v1.10.0/context.go:185
github.com/gin-gonic/gin.CustomRecoveryWithWriter.func1
	/home/trellis/go/pkg/mod/github.com/gin-gonic/gin@v1.10.0/recovery.go:102
github.com/gin-gonic/gin.(*Context).Next
	/home/trellis/go/pkg/mod/github.com/gin-gonic/gin@v1.10.0/context.go:185
github.com/gin-gonic/gin.LoggerWithConfig.func1
	/home/trellis/go/pkg/mod/github.com/gin-gonic/gin@v1.10.0/logger.go:249
github.com/gin-gonic/gin.(*Context).Next
	/home/trellis/go/pkg/mod/github.com/gin-gonic/gin@v1.10.0/context.go:185
github.com/gin-gonic/gin.(*Engine).handleHTTPRequest
	/home/trellis/go/pkg/mod/github.com/gin-gonic/gin@v1.10.0/gin.go:633
github.com/gin-gonic/gin.(*Engine).ServeHTTP
	/home/trellis/go/pkg/mod/github.com/gin-gonic/gin@v1.10.0/gin.go:589
net/http.serverHandler.ServeHTTP
	/home/trellis/go/src/net/http/server.go:3137
net/http.(*conn).serve
	/home/trellis/go/src/net/http/server.go:2039
